
INFO [2023-11-15T16:36:25.974Z]: opened
INFO [2023-11-15T16:36:25.974Z]: {"agent":"cosine-vscode","version":"1.1.1","package":"@cosine/analytics","token":"1803ee20efed77dfecbf705fb8dc4c18","mp_lib":"node","$lib_version":"0.17.0"}
INFO [2023-11-15T21:25:24.272Z]: Set User: metwallysayed1999@gmail.com
INFO [2023-11-15T21:25:24.272Z]: {"Telemetry":true}
INFO [2023-11-15T21:25:24.835Z]: extension_initialized
INFO [2023-11-15T21:25:24.835Z]: {"timeToInit":13732,"agent":"cosine-vscode","version":"1.1.1","package":"@cosine/analytics"}
INFO [2023-11-15T21:25:35.483Z]: project_languages
INFO [2023-11-15T21:25:35.483Z]: {"languages":["TypeScript"],"agent":"cosine-vscode","version":"1.1.1","package":"@cosine/analytics"}
INFO [2023-11-15T21:25:52.229Z]: project_initialize_start
INFO [2023-11-15T21:25:52.229Z]: {"name":"masdom","languages":["JSON","TypeScript","Markdown","Toml","JavaScript","TSX","SQL","Powershell","YAML","HTML","CSS","Python","PHP","Bash"],"ignored":["*.d.ts","*.min.js",".cache",".changeset",".cosine",".devcontainer",".expo",".expo-settings",".expo-shared",".git",".gitsecret",".husky",".idea",".next",".nyc_output",".parcel-cache",".pnp",".pnp.js",".storybook",".turbo",".versionbot",".vs",".vscode",".yarn",".yarnrc","_generated","build","coverage","dist","logs","node_modules","out"],"agent":"cosine-vscode","version":"1.1.1","package":"@cosine/analytics"}
INFO [2023-11-15T21:26:32.002Z]: project_initialize_success
INFO [2023-11-15T21:26:32.002Z]: {"name":"masdom","languages":["JSON","TypeScript","Markdown","Toml","JavaScript","TSX","SQL","Powershell","YAML","HTML","CSS","Python","PHP","Bash"],"ignored":["*.d.ts","*.min.js",".cache",".changeset",".cosine",".devcontainer",".expo",".expo-settings",".expo-shared",".git",".gitsecret",".husky",".idea",".next",".nyc_output",".parcel-cache",".pnp",".pnp.js",".storybook",".turbo",".versionbot",".vs",".vscode",".yarn",".yarnrc","_generated","build","coverage","dist","logs","node_modules","out"],"agent":"cosine-vscode","version":"1.1.1","package":"@cosine/analytics"}
INFO [2023-11-15T21:26:36.256Z]: question_start
INFO [2023-11-15T21:26:36.256Z]: {"prompt":"how to make end point in next 13 accept two params","agent":"cosine-vscode","version":"1.1.1","package":"@cosine/analytics"}
INFO [2023-11-15T21:26:37.374Z]: tool_selected
INFO [2023-11-15T21:26:37.374Z]: {"tool":"ideate","agent":"cosine-vscode","version":"1.1.1","package":"@cosine/analytics"}
INFO [2023-11-15T21:27:22.663Z]: question_success
INFO [2023-11-15T21:27:22.663Z]: {"prompt":"how to make end point in next 13 accept two params","agent":"cosine-vscode","version":"1.1.1","package":"@cosine/analytics"}
INFO [2023-11-15T21:28:15.069Z]: project_reinitialize_start
INFO [2023-11-15T21:28:15.069Z]: {"agent":"cosine-vscode","version":"1.1.1","package":"@cosine/analytics"}
INFO [2023-11-15T21:28:17.986Z]: project_reinitialize_success
INFO [2023-11-15T21:28:17.986Z]: {"agent":"cosine-vscode","version":"1.1.1","package":"@cosine/analytics"}
INFO [2023-11-15T21:28:41.872Z]: project_reinitialize_start
INFO [2023-11-15T21:28:41.872Z]: {"agent":"cosine-vscode","version":"1.1.1","package":"@cosine/analytics"}
INFO [2023-11-15T21:28:43.693Z]: project_reinitialize_success
INFO [2023-11-15T21:28:43.693Z]: {"agent":"cosine-vscode","version":"1.1.1","package":"@cosine/analytics"}
INFO [2023-11-15T21:28:51.115Z]: project_reinitialize_start
INFO [2023-11-15T21:28:51.115Z]: {"agent":"cosine-vscode","version":"1.1.1","package":"@cosine/analytics"}
INFO [2023-11-15T21:28:52.432Z]: project_reinitialize_success
INFO [2023-11-15T21:28:52.432Z]: {"agent":"cosine-vscode","version":"1.1.1","package":"@cosine/analytics"}
INFO [2023-11-15T21:28:52.869Z]: project_reinitialize_start
INFO [2023-11-15T21:28:52.869Z]: {"agent":"cosine-vscode","version":"1.1.1","package":"@cosine/analytics"}
INFO [2023-11-15T21:28:53.723Z]: project_reinitialize_success
INFO [2023-11-15T21:28:53.724Z]: {"agent":"cosine-vscode","version":"1.1.1","package":"@cosine/analytics"}
INFO [2023-11-15T21:28:54.214Z]: project_reinitialize_start
INFO [2023-11-15T21:28:54.214Z]: {"agent":"cosine-vscode","version":"1.1.1","package":"@cosine/analytics"}
INFO [2023-11-15T21:28:56.124Z]: project_reinitialize_success
INFO [2023-11-15T21:28:56.124Z]: {"agent":"cosine-vscode","version":"1.1.1","package":"@cosine/analytics"}
INFO [2023-11-15T21:28:57.684Z]: project_reinitialize_start
INFO [2023-11-15T21:28:57.684Z]: {"agent":"cosine-vscode","version":"1.1.1","package":"@cosine/analytics"}
INFO [2023-11-15T21:28:58.700Z]: project_reinitialize_start
INFO [2023-11-15T21:28:58.701Z]: {"agent":"cosine-vscode","version":"1.1.1","package":"@cosine/analytics"}
INFO [2023-11-15T21:28:59.211Z]: project_reinitialize_success
INFO [2023-11-15T21:28:59.212Z]: {"agent":"cosine-vscode","version":"1.1.1","package":"@cosine/analytics"}
INFO [2023-11-15T21:29:00.559Z]: project_reinitialize_success
INFO [2023-11-15T21:29:00.559Z]: {"agent":"cosine-vscode","version":"1.1.1","package":"@cosine/analytics"}
INFO [2023-11-15T21:29:05.764Z]: project_reinitialize_start
INFO [2023-11-15T21:29:05.764Z]: {"agent":"cosine-vscode","version":"1.1.1","package":"@cosine/analytics"}
INFO [2023-11-15T21:29:07.154Z]: project_reinitialize_success
INFO [2023-11-15T21:29:07.154Z]: {"agent":"cosine-vscode","version":"1.1.1","package":"@cosine/analytics"}
INFO [2023-11-15T21:29:11.042Z]: project_reinitialize_start
INFO [2023-11-15T21:29:11.042Z]: {"agent":"cosine-vscode","version":"1.1.1","package":"@cosine/analytics"}
INFO [2023-11-15T21:29:12.346Z]: project_reinitialize_success
INFO [2023-11-15T21:29:12.347Z]: {"agent":"cosine-vscode","version":"1.1.1","package":"@cosine/analytics"}
INFO [2023-11-15T21:29:24.655Z]: project_reinitialize_start
INFO [2023-11-15T21:29:24.655Z]: {"agent":"cosine-vscode","version":"1.1.1","package":"@cosine/analytics"}
INFO [2023-11-15T21:29:26.214Z]: project_reinitialize_success
INFO [2023-11-15T21:29:26.214Z]: {"agent":"cosine-vscode","version":"1.1.1","package":"@cosine/analytics"}
INFO [2023-11-15T21:29:27.190Z]: project_reinitialize_start
INFO [2023-11-15T21:29:27.190Z]: {"agent":"cosine-vscode","version":"1.1.1","package":"@cosine/analytics"}
INFO [2023-11-15T21:29:28.699Z]: project_reinitialize_success
INFO [2023-11-15T21:29:28.699Z]: {"agent":"cosine-vscode","version":"1.1.1","package":"@cosine/analytics"}
INFO [2023-11-15T21:29:30.721Z]: project_reinitialize_start
INFO [2023-11-15T21:29:30.721Z]: {"agent":"cosine-vscode","version":"1.1.1","package":"@cosine/analytics"}
INFO [2023-11-15T21:29:32.551Z]: project_reinitialize_success
INFO [2023-11-15T21:29:32.551Z]: {"agent":"cosine-vscode","version":"1.1.1","package":"@cosine/analytics"}
INFO [2023-11-15T21:29:34.650Z]: project_reinitialize_start
INFO [2023-11-15T21:29:34.650Z]: {"agent":"cosine-vscode","version":"1.1.1","package":"@cosine/analytics"}
INFO [2023-11-15T21:29:36.343Z]: project_reinitialize_success
INFO [2023-11-15T21:29:36.343Z]: {"agent":"cosine-vscode","version":"1.1.1","package":"@cosine/analytics"}
INFO [2023-11-15T21:29:37.501Z]: project_reinitialize_start
INFO [2023-11-15T21:29:37.502Z]: {"agent":"cosine-vscode","version":"1.1.1","package":"@cosine/analytics"}
INFO [2023-11-15T21:29:38.997Z]: project_reinitialize_success
INFO [2023-11-15T21:29:38.997Z]: {"agent":"cosine-vscode","version":"1.1.1","package":"@cosine/analytics"}
INFO [2023-11-15T21:29:44.047Z]: project_reinitialize_start
INFO [2023-11-15T21:29:44.047Z]: {"agent":"cosine-vscode","version":"1.1.1","package":"@cosine/analytics"}
INFO [2023-11-15T21:29:45.545Z]: project_reinitialize_success
INFO [2023-11-15T21:29:45.545Z]: {"agent":"cosine-vscode","version":"1.1.1","package":"@cosine/analytics"}
INFO [2023-11-15T21:29:45.943Z]: project_reinitialize_start
INFO [2023-11-15T21:29:45.944Z]: {"agent":"cosine-vscode","version":"1.1.1","package":"@cosine/analytics"}
INFO [2023-11-15T21:29:47.583Z]: project_reinitialize_success
INFO [2023-11-15T21:29:47.583Z]: {"agent":"cosine-vscode","version":"1.1.1","package":"@cosine/analytics"}
INFO [2023-11-15T21:29:48.241Z]: project_reinitialize_start
INFO [2023-11-15T21:29:48.241Z]: {"agent":"cosine-vscode","version":"1.1.1","package":"@cosine/analytics"}
INFO [2023-11-15T21:29:49.848Z]: project_reinitialize_start
INFO [2023-11-15T21:29:49.848Z]: {"agent":"cosine-vscode","version":"1.1.1","package":"@cosine/analytics"}
INFO [2023-11-15T21:29:49.864Z]: project_reinitialize_success
INFO [2023-11-15T21:29:49.864Z]: {"agent":"cosine-vscode","version":"1.1.1","package":"@cosine/analytics"}
INFO [2023-11-15T21:29:51.441Z]: project_reinitialize_success
INFO [2023-11-15T21:29:51.441Z]: {"agent":"cosine-vscode","version":"1.1.1","package":"@cosine/analytics"}
INFO [2023-11-15T21:29:51.954Z]: project_reinitialize_start
INFO [2023-11-15T21:29:51.955Z]: {"agent":"cosine-vscode","version":"1.1.1","package":"@cosine/analytics"}
INFO [2023-11-15T21:29:52.068Z]: project_reinitialize_start
INFO [2023-11-15T21:29:52.068Z]: {"agent":"cosine-vscode","version":"1.1.1","package":"@cosine/analytics"}
INFO [2023-11-15T21:29:53.477Z]: project_reinitialize_success
INFO [2023-11-15T21:29:53.478Z]: {"agent":"cosine-vscode","version":"1.1.1","package":"@cosine/analytics"}
INFO [2023-11-15T21:29:54.061Z]: project_reinitialize_success
INFO [2023-11-15T21:29:54.061Z]: {"agent":"cosine-vscode","version":"1.1.1","package":"@cosine/analytics"}
INFO [2023-11-15T21:30:00.064Z]: project_reinitialize_start
INFO [2023-11-15T21:30:00.064Z]: {"agent":"cosine-vscode","version":"1.1.1","package":"@cosine/analytics"}
INFO [2023-11-15T21:30:01.371Z]: project_reinitialize_start
INFO [2023-11-15T21:30:01.371Z]: {"agent":"cosine-vscode","version":"1.1.1","package":"@cosine/analytics"}
INFO [2023-11-15T21:30:01.510Z]: project_reinitialize_start
INFO [2023-11-15T21:30:01.510Z]: {"agent":"cosine-vscode","version":"1.1.1","package":"@cosine/analytics"}
INFO [2023-11-15T21:30:01.853Z]: project_reinitialize_success
INFO [2023-11-15T21:30:01.853Z]: {"agent":"cosine-vscode","version":"1.1.1","package":"@cosine/analytics"}
INFO [2023-11-15T21:30:03.526Z]: project_reinitialize_success
INFO [2023-11-15T21:30:03.526Z]: {"agent":"cosine-vscode","version":"1.1.1","package":"@cosine/analytics"}
INFO [2023-11-15T21:30:04.297Z]: project_reinitialize_success
INFO [2023-11-15T21:30:04.297Z]: {"agent":"cosine-vscode","version":"1.1.1","package":"@cosine/analytics"}
INFO [2023-11-15T21:30:04.588Z]: project_reinitialize_start
INFO [2023-11-15T21:30:04.589Z]: {"agent":"cosine-vscode","version":"1.1.1","package":"@cosine/analytics"}
INFO [2023-11-15T21:30:06.258Z]: project_reinitialize_success
INFO [2023-11-15T21:30:06.258Z]: {"agent":"cosine-vscode","version":"1.1.1","package":"@cosine/analytics"}
INFO [2023-11-15T21:35:36.422Z]: question_start
INFO [2023-11-15T21:35:36.422Z]: {"prompt":"make end point that takes two users ids and making search in the Chat table to find chat between those two users","agent":"cosine-vscode","version":"1.1.1","package":"@cosine/analytics"}
INFO [2023-11-15T21:35:37.494Z]: tool_selected
INFO [2023-11-15T21:35:37.494Z]: {"tool":"ideate","agent":"cosine-vscode","version":"1.1.1","package":"@cosine/analytics"}
INFO [2023-11-15T21:37:02.752Z]: question_start
INFO [2023-11-15T21:37:02.753Z]: {"prompt":"create end point that takes chat id and retuen all the chat data","agent":"cosine-vscode","version":"1.1.1","package":"@cosine/analytics"}
INFO [2023-11-15T21:37:03.890Z]: tool_selected
INFO [2023-11-15T21:37:03.890Z]: {"tool":"ideate","agent":"cosine-vscode","version":"1.1.1","package":"@cosine/analytics"}
INFO [2023-11-15T21:37:51.353Z]: question_success
INFO [2023-11-15T21:37:51.353Z]: {"prompt":"create end point that takes chat id and retuen all the chat data","agent":"cosine-vscode","version":"1.1.1","package":"@cosine/analytics"}
INFO [2023-11-15T21:39:15.680Z]: project_reinitialize_start
INFO [2023-11-15T21:39:15.680Z]: {"agent":"cosine-vscode","version":"1.1.1","package":"@cosine/analytics"}
INFO [2023-11-15T21:39:18.475Z]: project_reinitialize_start
INFO [2023-11-15T21:39:18.475Z]: {"agent":"cosine-vscode","version":"1.1.1","package":"@cosine/analytics"}
INFO [2023-11-15T21:39:18.890Z]: project_reinitialize_start
INFO [2023-11-15T21:39:18.890Z]: {"agent":"cosine-vscode","version":"1.1.1","package":"@cosine/analytics"}
INFO [2023-11-15T21:39:19.514Z]: project_reinitialize_success
INFO [2023-11-15T21:39:19.514Z]: {"agent":"cosine-vscode","version":"1.1.1","package":"@cosine/analytics"}
INFO [2023-11-15T21:39:21.043Z]: project_reinitialize_success
INFO [2023-11-15T21:39:21.043Z]: {"agent":"cosine-vscode","version":"1.1.1","package":"@cosine/analytics"}
INFO [2023-11-15T21:39:21.637Z]: project_reinitialize_success
INFO [2023-11-15T21:39:21.637Z]: {"agent":"cosine-vscode","version":"1.1.1","package":"@cosine/analytics"}
INFO [2023-11-15T21:39:30.467Z]: project_reinitialize_start
INFO [2023-11-15T21:39:30.467Z]: {"agent":"cosine-vscode","version":"1.1.1","package":"@cosine/analytics"}
INFO [2023-11-15T21:39:32.571Z]: project_reinitialize_success
INFO [2023-11-15T21:39:32.571Z]: {"agent":"cosine-vscode","version":"1.1.1","package":"@cosine/analytics"}
INFO [2023-11-15T21:40:07.616Z]: project_reinitialize_start
INFO [2023-11-15T21:40:07.616Z]: {"agent":"cosine-vscode","version":"1.1.1","package":"@cosine/analytics"}
INFO [2023-11-15T21:40:09.546Z]: project_reinitialize_success
INFO [2023-11-15T21:40:09.546Z]: {"agent":"cosine-vscode","version":"1.1.1","package":"@cosine/analytics"}
INFO [2023-11-15T21:40:23.833Z]: project_reinitialize_start
INFO [2023-11-15T21:40:23.833Z]: {"agent":"cosine-vscode","version":"1.1.1","package":"@cosine/analytics"}
INFO [2023-11-15T21:40:24.506Z]: project_reinitialize_success
INFO [2023-11-15T21:40:24.507Z]: {"agent":"cosine-vscode","version":"1.1.1","package":"@cosine/analytics"}
INFO [2023-11-15T21:42:00.944Z]: project_reinitialize_start
INFO [2023-11-15T21:42:00.944Z]: {"agent":"cosine-vscode","version":"1.1.1","package":"@cosine/analytics"}
INFO [2023-11-15T21:42:02.830Z]: project_reinitialize_start
INFO [2023-11-15T21:42:02.831Z]: {"agent":"cosine-vscode","version":"1.1.1","package":"@cosine/analytics"}
INFO [2023-11-15T21:42:03.090Z]: project_reinitialize_success
INFO [2023-11-15T21:42:03.090Z]: {"agent":"cosine-vscode","version":"1.1.1","package":"@cosine/analytics"}
INFO [2023-11-15T21:42:03.644Z]: project_reinitialize_start
INFO [2023-11-15T21:42:03.644Z]: {"agent":"cosine-vscode","version":"1.1.1","package":"@cosine/analytics"}
INFO [2023-11-15T21:42:04.976Z]: project_reinitialize_success
INFO [2023-11-15T21:42:04.976Z]: {"agent":"cosine-vscode","version":"1.1.1","package":"@cosine/analytics"}
INFO [2023-11-15T21:42:05.100Z]: project_reinitialize_start
INFO [2023-11-15T21:42:05.100Z]: {"agent":"cosine-vscode","version":"1.1.1","package":"@cosine/analytics"}
INFO [2023-11-15T21:42:05.939Z]: project_reinitialize_success
INFO [2023-11-15T21:42:05.939Z]: {"agent":"cosine-vscode","version":"1.1.1","package":"@cosine/analytics"}
INFO [2023-11-15T21:42:06.960Z]: project_reinitialize_success
INFO [2023-11-15T21:42:06.960Z]: {"agent":"cosine-vscode","version":"1.1.1","package":"@cosine/analytics"}
INFO [2023-11-15T21:42:20.131Z]: project_reinitialize_start
INFO [2023-11-15T21:42:20.131Z]: {"agent":"cosine-vscode","version":"1.1.1","package":"@cosine/analytics"}
INFO [2023-11-15T21:42:22.183Z]: project_reinitialize_success
INFO [2023-11-15T21:42:22.183Z]: {"agent":"cosine-vscode","version":"1.1.1","package":"@cosine/analytics"}
INFO [2023-11-15T21:42:24.926Z]: project_reinitialize_start
INFO [2023-11-15T21:42:24.926Z]: {"agent":"cosine-vscode","version":"1.1.1","package":"@cosine/analytics"}
INFO [2023-11-15T21:42:25.024Z]: project_reinitialize_start
INFO [2023-11-15T21:42:25.024Z]: {"agent":"cosine-vscode","version":"1.1.1","package":"@cosine/analytics"}
INFO [2023-11-15T21:42:27.134Z]: project_reinitialize_success
INFO [2023-11-15T21:42:27.134Z]: {"agent":"cosine-vscode","version":"1.1.1","package":"@cosine/analytics"}
INFO [2023-11-15T21:42:27.374Z]: project_reinitialize_start
INFO [2023-11-15T21:42:27.375Z]: {"agent":"cosine-vscode","version":"1.1.1","package":"@cosine/analytics"}
INFO [2023-11-15T21:42:29.626Z]: project_reinitialize_success
INFO [2023-11-15T21:42:29.627Z]: {"agent":"cosine-vscode","version":"1.1.1","package":"@cosine/analytics"}
INFO [2023-11-15T21:42:30.320Z]: project_reinitialize_success
INFO [2023-11-15T21:42:30.320Z]: {"agent":"cosine-vscode","version":"1.1.1","package":"@cosine/analytics"}
INFO [2023-11-15T21:42:36.056Z]: project_reinitialize_start
INFO [2023-11-15T21:42:36.056Z]: {"agent":"cosine-vscode","version":"1.1.1","package":"@cosine/analytics"}
INFO [2023-11-15T21:42:38.610Z]: project_reinitialize_success
INFO [2023-11-15T21:42:38.610Z]: {"agent":"cosine-vscode","version":"1.1.1","package":"@cosine/analytics"}
INFO [2023-11-15T21:42:39.881Z]: project_reinitialize_start
INFO [2023-11-15T21:42:39.881Z]: {"agent":"cosine-vscode","version":"1.1.1","package":"@cosine/analytics"}
INFO [2023-11-15T21:42:41.501Z]: project_reinitialize_success
INFO [2023-11-15T21:42:41.501Z]: {"agent":"cosine-vscode","version":"1.1.1","package":"@cosine/analytics"}
INFO [2023-11-15T21:42:48.405Z]: project_reinitialize_start
INFO [2023-11-15T21:42:48.405Z]: {"agent":"cosine-vscode","version":"1.1.1","package":"@cosine/analytics"}
INFO [2023-11-15T21:42:50.771Z]: project_reinitialize_success
INFO [2023-11-15T21:42:50.771Z]: {"agent":"cosine-vscode","version":"1.1.1","package":"@cosine/analytics"}
INFO [2023-11-15T21:43:10.079Z]: project_reinitialize_start
INFO [2023-11-15T21:43:10.079Z]: {"agent":"cosine-vscode","version":"1.1.1","package":"@cosine/analytics"}
INFO [2023-11-15T21:43:12.268Z]: project_reinitialize_success
INFO [2023-11-15T21:43:12.268Z]: {"agent":"cosine-vscode","version":"1.1.1","package":"@cosine/analytics"}
INFO [2023-11-15T21:43:14.771Z]: project_reinitialize_start
INFO [2023-11-15T21:43:14.771Z]: {"agent":"cosine-vscode","version":"1.1.1","package":"@cosine/analytics"}
INFO [2023-11-15T21:43:16.678Z]: project_reinitialize_success
INFO [2023-11-15T21:43:16.679Z]: {"agent":"cosine-vscode","version":"1.1.1","package":"@cosine/analytics"}
INFO [2023-11-15T21:50:29.363Z]: question_start
INFO [2023-11-15T21:50:29.363Z]: {"prompt":"after deployment on vercel im getting this error when i try to get user chats \n\nAccess to XMLHttpRequest at 'http://localhost:3000/api/chat/getuserchat/b450a568-6dbe-4ba0-b5c6-2e8ec26e7c50' from origin 'https://masdom-6epltnq9o-scaleup-sa.vercel.app' has been blocked by CORS policy: No 'Acces","agent":"cosine-vscode","version":"1.1.1","package":"@cosine/analytics"}
INFO [2023-11-15T21:50:49.336Z]: question_success
INFO [2023-11-15T21:50:49.336Z]: {"prompt":"after deployment on vercel im getting this error when i try to get user chats \n\nAccess to XMLHttpRequest at 'http://localhost:3000/api/chat/getuserchat/b450a568-6dbe-4ba0-b5c6-2e8ec26e7c50' from origin 'https://masdom-6epltnq9o-scaleup-sa.vercel.app' has been blocked by CORS policy: No 'Acces","agent":"cosine-vscode","version":"1.1.1","package":"@cosine/analytics"}
INFO [2023-11-15T21:52:19.750Z]: project_reinitialize_start
INFO [2023-11-15T21:52:19.750Z]: {"agent":"cosine-vscode","version":"1.1.1","package":"@cosine/analytics"}
INFO [2023-11-15T21:52:21.407Z]: project_reinitialize_start
INFO [2023-11-15T21:52:21.407Z]: {"agent":"cosine-vscode","version":"1.1.1","package":"@cosine/analytics"}
INFO [2023-11-15T21:52:21.864Z]: project_reinitialize_success
INFO [2023-11-15T21:52:21.864Z]: {"agent":"cosine-vscode","version":"1.1.1","package":"@cosine/analytics"}
INFO [2023-11-15T21:52:23.377Z]: project_reinitialize_success
INFO [2023-11-15T21:52:23.377Z]: {"agent":"cosine-vscode","version":"1.1.1","package":"@cosine/analytics"}
INFO [2023-11-15T21:53:18.747Z]: project_reinitialize_start
INFO [2023-11-15T21:53:18.747Z]: {"agent":"cosine-vscode","version":"1.1.1","package":"@cosine/analytics"}
INFO [2023-11-15T21:53:20.327Z]: project_reinitialize_success
INFO [2023-11-15T21:53:20.328Z]: {"agent":"cosine-vscode","version":"1.1.1","package":"@cosine/analytics"}
INFO [2023-11-15T21:53:25.101Z]: project_reinitialize_start
INFO [2023-11-15T21:53:25.101Z]: {"agent":"cosine-vscode","version":"1.1.1","package":"@cosine/analytics"}
INFO [2023-11-15T21:53:26.758Z]: project_reinitialize_success
INFO [2023-11-15T21:53:26.758Z]: {"agent":"cosine-vscode","version":"1.1.1","package":"@cosine/analytics"}
INFO [2023-11-15T21:53:46.561Z]: project_reinitialize_start
INFO [2023-11-15T21:53:46.562Z]: {"agent":"cosine-vscode","version":"1.1.1","package":"@cosine/analytics"}
INFO [2023-11-15T21:53:48.594Z]: project_reinitialize_success
INFO [2023-11-15T21:53:48.594Z]: {"agent":"cosine-vscode","version":"1.1.1","package":"@cosine/analytics"}
INFO [2023-11-15T21:53:55.859Z]: project_reinitialize_start
INFO [2023-11-15T21:53:55.859Z]: {"agent":"cosine-vscode","version":"1.1.1","package":"@cosine/analytics"}
INFO [2023-11-15T21:53:57.985Z]: project_reinitialize_success
INFO [2023-11-15T21:53:57.985Z]: {"agent":"cosine-vscode","version":"1.1.1","package":"@cosine/analytics"}
INFO [2023-11-15T21:54:14.462Z]: project_reinitialize_start
INFO [2023-11-15T21:54:14.462Z]: {"agent":"cosine-vscode","version":"1.1.1","package":"@cosine/analytics"}
INFO [2023-11-15T21:54:16.468Z]: project_reinitialize_success
INFO [2023-11-15T21:54:16.469Z]: {"agent":"cosine-vscode","version":"1.1.1","package":"@cosine/analytics"}
INFO [2023-11-15T21:54:51.638Z]: question_start
INFO [2023-11-15T21:54:51.638Z]: {"prompt":"what is the type of the req, res in the NextCors func","agent":"cosine-vscode","version":"1.1.1","package":"@cosine/analytics"}
INFO [2023-11-15T21:54:52.650Z]: tool_selected
INFO [2023-11-15T21:54:52.650Z]: {"tool":"understand","agent":"cosine-vscode","version":"1.1.1","package":"@cosine/analytics"}
INFO [2023-11-15T21:55:14.071Z]: question_success
INFO [2023-11-15T21:55:14.071Z]: {"prompt":"what is the type of the req, res in the NextCors func","agent":"cosine-vscode","version":"1.1.1","package":"@cosine/analytics"}
INFO [2023-11-15T21:55:41.356Z]: question_start
INFO [2023-11-15T21:55:41.356Z]: {"prompt":"Cannot find name 'res'.ts(2304)\n\n\nArgument of type 'NextRequest' is not assignable to parameter of type 'NextApiRequest'.\n  Type 'NextRequest' is missing the following properties from type 'NextApiRequest': query, env, aborted, httpVersion, and 67 more.ts(2345)\n(parameter) req: NextRequest","agent":"cosine-vscode","version":"1.1.1","package":"@cosine/analytics"}
INFO [2023-11-15T21:56:01.589Z]: question_success
INFO [2023-11-15T21:56:01.590Z]: {"prompt":"Cannot find name 'res'.ts(2304)\n\n\nArgument of type 'NextRequest' is not assignable to parameter of type 'NextApiRequest'.\n  Type 'NextRequest' is missing the following properties from type 'NextApiRequest': query, env, aborted, httpVersion, and 67 more.ts(2345)\n(parameter) req: NextRequest","agent":"cosine-vscode","version":"1.1.1","package":"@cosine/analytics"}
INFO [2023-11-15T21:56:46.355Z]: project_reinitialize_start
INFO [2023-11-15T21:56:46.355Z]: {"agent":"cosine-vscode","version":"1.1.1","package":"@cosine/analytics"}
INFO [2023-11-15T21:56:48.349Z]: project_reinitialize_success
INFO [2023-11-15T21:56:48.349Z]: {"agent":"cosine-vscode","version":"1.1.1","package":"@cosine/analytics"}
INFO [2023-11-15T21:56:48.728Z]: project_reinitialize_start
INFO [2023-11-15T21:56:48.728Z]: {"agent":"cosine-vscode","version":"1.1.1","package":"@cosine/analytics"}
INFO [2023-11-15T21:56:50.308Z]: project_reinitialize_success
INFO [2023-11-15T21:56:50.308Z]: {"agent":"cosine-vscode","version":"1.1.1","package":"@cosine/analytics"}
INFO [2023-11-15T21:56:55.079Z]: project_reinitialize_start
INFO [2023-11-15T21:56:55.079Z]: {"agent":"cosine-vscode","version":"1.1.1","package":"@cosine/analytics"}
INFO [2023-11-15T21:56:56.567Z]: project_reinitialize_success
INFO [2023-11-15T21:56:56.568Z]: {"agent":"cosine-vscode","version":"1.1.1","package":"@cosine/analytics"}
INFO [2023-11-15T21:57:09.237Z]: project_reinitialize_start
INFO [2023-11-15T21:57:09.238Z]: {"agent":"cosine-vscode","version":"1.1.1","package":"@cosine/analytics"}
INFO [2023-11-15T21:57:15.513Z]: project_reinitialize_success
INFO [2023-11-15T21:57:15.513Z]: {"agent":"cosine-vscode","version":"1.1.1","package":"@cosine/analytics"}
INFO [2023-11-15T21:57:18.911Z]: project_reinitialize_start
INFO [2023-11-15T21:57:18.911Z]: {"agent":"cosine-vscode","version":"1.1.1","package":"@cosine/analytics"}
INFO [2023-11-15T21:57:18.917Z]: project_reinitialize_start
INFO [2023-11-15T21:57:18.917Z]: {"agent":"cosine-vscode","version":"1.1.1","package":"@cosine/analytics"}
INFO [2023-11-15T21:57:21.736Z]: project_reinitialize_start
INFO [2023-11-15T21:57:21.736Z]: {"agent":"cosine-vscode","version":"1.1.1","package":"@cosine/analytics"}
INFO [2023-11-15T21:57:26.971Z]: project_reinitialize_success
INFO [2023-11-15T21:57:26.971Z]: {"agent":"cosine-vscode","version":"1.1.1","package":"@cosine/analytics"}
INFO [2023-11-15T21:57:30.413Z]: project_reinitialize_success
INFO [2023-11-15T21:57:30.413Z]: {"agent":"cosine-vscode","version":"1.1.1","package":"@cosine/analytics"}
INFO [2023-11-15T21:57:31.202Z]: project_reinitialize_success
INFO [2023-11-15T21:57:31.202Z]: {"agent":"cosine-vscode","version":"1.1.1","package":"@cosine/analytics"}
INFO [2023-11-15T21:57:32.544Z]: project_reinitialize_start
INFO [2023-11-15T21:57:32.545Z]: {"agent":"cosine-vscode","version":"1.1.1","package":"@cosine/analytics"}
INFO [2023-11-15T21:57:37.425Z]: project_reinitialize_success
INFO [2023-11-15T21:57:37.426Z]: {"agent":"cosine-vscode","version":"1.1.1","package":"@cosine/analytics"}
INFO [2023-11-15T21:58:26.262Z]: project_reinitialize_start
INFO [2023-11-15T21:58:26.262Z]: {"agent":"cosine-vscode","version":"1.1.1","package":"@cosine/analytics"}
INFO [2023-11-15T21:58:28.551Z]: project_reinitialize_success
INFO [2023-11-15T21:58:28.551Z]: {"agent":"cosine-vscode","version":"1.1.1","package":"@cosine/analytics"}
INFO [2023-11-15T21:58:52.141Z]: project_reinitialize_start
INFO [2023-11-15T21:58:52.141Z]: {"agent":"cosine-vscode","version":"1.1.1","package":"@cosine/analytics"}
INFO [2023-11-15T21:58:54.220Z]: project_reinitialize_success
INFO [2023-11-15T21:58:54.220Z]: {"agent":"cosine-vscode","version":"1.1.1","package":"@cosine/analytics"}
INFO [2023-11-15T21:58:59.463Z]: project_reinitialize_start
INFO [2023-11-15T21:58:59.463Z]: {"agent":"cosine-vscode","version":"1.1.1","package":"@cosine/analytics"}
INFO [2023-11-15T21:59:01.855Z]: project_reinitialize_success
INFO [2023-11-15T21:59:01.855Z]: {"agent":"cosine-vscode","version":"1.1.1","package":"@cosine/analytics"}
INFO [2023-11-15T21:59:09.218Z]: project_reinitialize_start
INFO [2023-11-15T21:59:09.218Z]: {"agent":"cosine-vscode","version":"1.1.1","package":"@cosine/analytics"}
INFO [2023-11-15T21:59:11.452Z]: project_reinitialize_success
INFO [2023-11-15T21:59:11.453Z]: {"agent":"cosine-vscode","version":"1.1.1","package":"@cosine/analytics"}
INFO [2023-11-15T21:59:12.444Z]: project_reinitialize_start
INFO [2023-11-15T21:59:12.444Z]: {"agent":"cosine-vscode","version":"1.1.1","package":"@cosine/analytics"}
INFO [2023-11-15T21:59:14.204Z]: project_reinitialize_success
INFO [2023-11-15T21:59:14.204Z]: {"agent":"cosine-vscode","version":"1.1.1","package":"@cosine/analytics"}
INFO [2023-11-15T21:59:16.269Z]: project_reinitialize_start
INFO [2023-11-15T21:59:16.269Z]: {"agent":"cosine-vscode","version":"1.1.1","package":"@cosine/analytics"}
INFO [2023-11-15T21:59:18.577Z]: project_reinitialize_success
INFO [2023-11-15T21:59:18.577Z]: {"agent":"cosine-vscode","version":"1.1.1","package":"@cosine/analytics"}
INFO [2023-11-15T21:59:19.037Z]: project_reinitialize_start
INFO [2023-11-15T21:59:19.038Z]: {"agent":"cosine-vscode","version":"1.1.1","package":"@cosine/analytics"}
INFO [2023-11-15T21:59:19.120Z]: project_reinitialize_start
INFO [2023-11-15T21:59:19.120Z]: {"agent":"cosine-vscode","version":"1.1.1","package":"@cosine/analytics"}
INFO [2023-11-15T21:59:20.782Z]: project_reinitialize_success
INFO [2023-11-15T21:59:20.783Z]: {"agent":"cosine-vscode","version":"1.1.1","package":"@cosine/analytics"}
INFO [2023-11-15T21:59:21.837Z]: project_reinitialize_success
INFO [2023-11-15T21:59:21.837Z]: {"agent":"cosine-vscode","version":"1.1.1","package":"@cosine/analytics"}
INFO [2023-11-15T21:59:24.766Z]: project_reinitialize_start
INFO [2023-11-15T21:59:24.767Z]: {"agent":"cosine-vscode","version":"1.1.1","package":"@cosine/analytics"}
INFO [2023-11-15T21:59:24.987Z]: project_reinitialize_start
INFO [2023-11-15T21:59:24.987Z]: {"agent":"cosine-vscode","version":"1.1.1","package":"@cosine/analytics"}
INFO [2023-11-15T21:59:26.637Z]: project_reinitialize_success
INFO [2023-11-15T21:59:26.637Z]: {"agent":"cosine-vscode","version":"1.1.1","package":"@cosine/analytics"}
INFO [2023-11-15T21:59:27.599Z]: project_reinitialize_start
INFO [2023-11-15T21:59:27.599Z]: {"agent":"cosine-vscode","version":"1.1.1","package":"@cosine/analytics"}
INFO [2023-11-15T21:59:27.804Z]: project_reinitialize_success
INFO [2023-11-15T21:59:27.804Z]: {"agent":"cosine-vscode","version":"1.1.1","package":"@cosine/analytics"}
INFO [2023-11-15T21:59:29.496Z]: project_reinitialize_success
INFO [2023-11-15T21:59:29.497Z]: {"agent":"cosine-vscode","version":"1.1.1","package":"@cosine/analytics"}
INFO [2023-11-15T21:59:52.746Z]: project_reinitialize_start
INFO [2023-11-15T21:59:52.746Z]: {"agent":"cosine-vscode","version":"1.1.1","package":"@cosine/analytics"}
INFO [2023-11-15T21:59:54.784Z]: project_reinitialize_success
INFO [2023-11-15T21:59:54.784Z]: {"agent":"cosine-vscode","version":"1.1.1","package":"@cosine/analytics"}
INFO [2023-11-15T21:59:59.643Z]: project_reinitialize_start
INFO [2023-11-15T21:59:59.644Z]: {"agent":"cosine-vscode","version":"1.1.1","package":"@cosine/analytics"}
INFO [2023-11-15T22:00:00.929Z]: project_reinitialize_success
INFO [2023-11-15T22:00:00.930Z]: {"agent":"cosine-vscode","version":"1.1.1","package":"@cosine/analytics"}
INFO [2023-11-15T22:00:02.432Z]: project_reinitialize_start
INFO [2023-11-15T22:00:02.432Z]: {"agent":"cosine-vscode","version":"1.1.1","package":"@cosine/analytics"}
INFO [2023-11-15T22:00:04.181Z]: project_reinitialize_success
INFO [2023-11-15T22:00:04.182Z]: {"agent":"cosine-vscode","version":"1.1.1","package":"@cosine/analytics"}
INFO [2023-11-15T22:00:35.451Z]: project_reinitialize_start
INFO [2023-11-15T22:00:35.451Z]: {"agent":"cosine-vscode","version":"1.1.1","package":"@cosine/analytics"}
INFO [2023-11-15T22:00:37.225Z]: project_reinitialize_success
INFO [2023-11-15T22:00:37.226Z]: {"agent":"cosine-vscode","version":"1.1.1","package":"@cosine/analytics"}
INFO [2023-11-15T22:00:38.224Z]: project_reinitialize_start
INFO [2023-11-15T22:00:38.224Z]: {"agent":"cosine-vscode","version":"1.1.1","package":"@cosine/analytics"}
INFO [2023-11-15T22:00:40.112Z]: project_reinitialize_success
INFO [2023-11-15T22:00:40.112Z]: {"agent":"cosine-vscode","version":"1.1.1","package":"@cosine/analytics"}
INFO [2023-11-15T22:03:48.751Z]: project_reinitialize_start
INFO [2023-11-15T22:03:48.751Z]: {"agent":"cosine-vscode","version":"1.1.1","package":"@cosine/analytics"}
INFO [2023-11-15T22:03:51.355Z]: project_reinitialize_success
INFO [2023-11-15T22:03:51.355Z]: {"agent":"cosine-vscode","version":"1.1.1","package":"@cosine/analytics"}
INFO [2023-11-15T22:07:48.525Z]: project_reinitialize_start
INFO [2023-11-15T22:07:48.525Z]: {"agent":"cosine-vscode","version":"1.1.1","package":"@cosine/analytics"}
INFO [2023-11-15T22:07:48.570Z]: project_reinitialize_start
INFO [2023-11-15T22:07:48.570Z]: {"agent":"cosine-vscode","version":"1.1.1","package":"@cosine/analytics"}
INFO [2023-11-15T22:07:49.500Z]: project_reinitialize_start
INFO [2023-11-15T22:07:49.500Z]: {"agent":"cosine-vscode","version":"1.1.1","package":"@cosine/analytics"}
INFO [2023-11-15T22:07:50.678Z]: project_reinitialize_success
INFO [2023-11-15T22:07:50.678Z]: {"agent":"cosine-vscode","version":"1.1.1","package":"@cosine/analytics"}
INFO [2023-11-15T22:07:52.497Z]: project_reinitialize_success
INFO [2023-11-15T22:07:52.497Z]: {"agent":"cosine-vscode","version":"1.1.1","package":"@cosine/analytics"}
INFO [2023-11-15T22:07:53.165Z]: project_reinitialize_success
INFO [2023-11-15T22:07:53.166Z]: {"agent":"cosine-vscode","version":"1.1.1","package":"@cosine/analytics"}
INFO [2023-11-15T22:08:13.336Z]: project_reinitialize_start
INFO [2023-11-15T22:08:13.337Z]: {"agent":"cosine-vscode","version":"1.1.1","package":"@cosine/analytics"}
INFO [2023-11-15T22:08:14.724Z]: project_reinitialize_success
INFO [2023-11-15T22:08:14.724Z]: {"agent":"cosine-vscode","version":"1.1.1","package":"@cosine/analytics"}
INFO [2023-11-15T22:08:18.993Z]: project_reinitialize_start
INFO [2023-11-15T22:08:18.993Z]: {"agent":"cosine-vscode","version":"1.1.1","package":"@cosine/analytics"}
INFO [2023-11-15T22:08:19.870Z]: project_reinitialize_start
INFO [2023-11-15T22:08:19.870Z]: {"agent":"cosine-vscode","version":"1.1.1","package":"@cosine/analytics"}
INFO [2023-11-15T22:08:20.562Z]: project_reinitialize_success
INFO [2023-11-15T22:08:20.563Z]: {"agent":"cosine-vscode","version":"1.1.1","package":"@cosine/analytics"}
INFO [2023-11-15T22:08:21.866Z]: project_reinitialize_success
INFO [2023-11-15T22:08:21.867Z]: {"agent":"cosine-vscode","version":"1.1.1","package":"@cosine/analytics"}
INFO [2023-11-15T22:08:22.585Z]: project_reinitialize_start
INFO [2023-11-15T22:08:22.585Z]: {"agent":"cosine-vscode","version":"1.1.1","package":"@cosine/analytics"}
INFO [2023-11-15T22:08:24.008Z]: project_reinitialize_success
INFO [2023-11-15T22:08:24.008Z]: {"agent":"cosine-vscode","version":"1.1.1","package":"@cosine/analytics"}
INFO [2023-11-15T22:08:36.353Z]: project_reinitialize_start
INFO [2023-11-15T22:08:36.354Z]: {"agent":"cosine-vscode","version":"1.1.1","package":"@cosine/analytics"}
INFO [2023-11-15T22:08:37.766Z]: project_reinitialize_success
INFO [2023-11-15T22:08:37.766Z]: {"agent":"cosine-vscode","version":"1.1.1","package":"@cosine/analytics"}
INFO [2023-11-15T22:08:39.326Z]: project_reinitialize_start
INFO [2023-11-15T22:08:39.326Z]: {"agent":"cosine-vscode","version":"1.1.1","package":"@cosine/analytics"}
INFO [2023-11-15T22:08:40.707Z]: project_reinitialize_success
INFO [2023-11-15T22:08:40.707Z]: {"agent":"cosine-vscode","version":"1.1.1","package":"@cosine/analytics"}
INFO [2023-11-15T22:08:44.677Z]: project_reinitialize_start
INFO [2023-11-15T22:08:44.678Z]: {"agent":"cosine-vscode","version":"1.1.1","package":"@cosine/analytics"}
INFO [2023-11-15T22:08:46.567Z]: project_reinitialize_success
INFO [2023-11-15T22:08:46.568Z]: {"agent":"cosine-vscode","version":"1.1.1","package":"@cosine/analytics"}
INFO [2023-11-15T22:09:37.022Z]: project_reinitialize_start
INFO [2023-11-15T22:09:37.023Z]: {"agent":"cosine-vscode","version":"1.1.1","package":"@cosine/analytics"}
INFO [2023-11-15T22:09:39.296Z]: project_reinitialize_success
INFO [2023-11-15T22:09:39.296Z]: {"agent":"cosine-vscode","version":"1.1.1","package":"@cosine/analytics"}
INFO [2023-11-15T22:10:10.289Z]: project_reinitialize_start
INFO [2023-11-15T22:10:10.290Z]: {"agent":"cosine-vscode","version":"1.1.1","package":"@cosine/analytics"}
INFO [2023-11-15T22:10:12.222Z]: project_reinitialize_success
INFO [2023-11-15T22:10:12.222Z]: {"agent":"cosine-vscode","version":"1.1.1","package":"@cosine/analytics"}
INFO [2023-11-15T22:10:12.237Z]: project_reinitialize_start
INFO [2023-11-15T22:10:12.237Z]: {"agent":"cosine-vscode","version":"1.1.1","package":"@cosine/analytics"}
INFO [2023-11-15T22:10:12.919Z]: project_reinitialize_start
INFO [2023-11-15T22:10:12.920Z]: {"agent":"cosine-vscode","version":"1.1.1","package":"@cosine/analytics"}
INFO [2023-11-15T22:10:14.166Z]: project_reinitialize_success
INFO [2023-11-15T22:10:14.166Z]: {"agent":"cosine-vscode","version":"1.1.1","package":"@cosine/analytics"}
INFO [2023-11-15T22:10:15.615Z]: project_reinitialize_success
INFO [2023-11-15T22:10:15.615Z]: {"agent":"cosine-vscode","version":"1.1.1","package":"@cosine/analytics"}
INFO [2023-11-15T22:10:16.674Z]: project_reinitialize_start
INFO [2023-11-15T22:10:16.674Z]: {"agent":"cosine-vscode","version":"1.1.1","package":"@cosine/analytics"}
INFO [2023-11-15T22:10:17.413Z]: project_reinitialize_success
INFO [2023-11-15T22:10:17.413Z]: {"agent":"cosine-vscode","version":"1.1.1","package":"@cosine/analytics"}
INFO [2023-11-15T22:10:37.629Z]: question_start
INFO [2023-11-15T22:10:37.629Z]: {"prompt":"how to unblock the cors from vercel ","agent":"cosine-vscode","version":"1.1.1","package":"@cosine/analytics"}
INFO [2023-11-15T22:11:04.488Z]: question_success
INFO [2023-11-15T22:11:04.488Z]: {"prompt":"how to unblock the cors from vercel ","agent":"cosine-vscode","version":"1.1.1","package":"@cosine/analytics"}
INFO [2023-11-15T22:12:31.254Z]: project_reinitialize_start
INFO [2023-11-15T22:12:31.255Z]: {"agent":"cosine-vscode","version":"1.1.1","package":"@cosine/analytics"}
INFO [2023-11-15T22:12:32.889Z]: project_reinitialize_success
INFO [2023-11-15T22:12:32.889Z]: {"agent":"cosine-vscode","version":"1.1.1","package":"@cosine/analytics"}
INFO [2023-11-15T22:12:53.539Z]: project_reinitialize_start
INFO [2023-11-15T22:12:53.539Z]: {"agent":"cosine-vscode","version":"1.1.1","package":"@cosine/analytics"}
INFO [2023-11-15T22:12:53.915Z]: project_reinitialize_start
INFO [2023-11-15T22:12:53.915Z]: {"agent":"cosine-vscode","version":"1.1.1","package":"@cosine/analytics"}
INFO [2023-11-15T22:12:54.989Z]: project_reinitialize_success
INFO [2023-11-15T22:12:54.989Z]: {"agent":"cosine-vscode","version":"1.1.1","package":"@cosine/analytics"}
INFO [2023-11-15T22:12:56.955Z]: project_reinitialize_success
INFO [2023-11-15T22:12:56.956Z]: {"agent":"cosine-vscode","version":"1.1.1","package":"@cosine/analytics"}
INFO [2023-11-15T22:13:03.263Z]: project_reinitialize_start
INFO [2023-11-15T22:13:03.263Z]: {"agent":"cosine-vscode","version":"1.1.1","package":"@cosine/analytics"}
INFO [2023-11-15T22:13:03.900Z]: project_reinitialize_start
INFO [2023-11-15T22:13:03.900Z]: {"agent":"cosine-vscode","version":"1.1.1","package":"@cosine/analytics"}
INFO [2023-11-15T22:13:04.886Z]: project_reinitialize_success
INFO [2023-11-15T22:13:04.887Z]: {"agent":"cosine-vscode","version":"1.1.1","package":"@cosine/analytics"}
INFO [2023-11-15T22:13:06.934Z]: project_reinitialize_success
INFO [2023-11-15T22:13:06.934Z]: {"agent":"cosine-vscode","version":"1.1.1","package":"@cosine/analytics"}
INFO [2023-11-15T22:13:26.363Z]: project_reinitialize_start
INFO [2023-11-15T22:13:26.363Z]: {"agent":"cosine-vscode","version":"1.1.1","package":"@cosine/analytics"}
INFO [2023-11-15T22:13:27.783Z]: project_reinitialize_start
INFO [2023-11-15T22:13:27.783Z]: {"agent":"cosine-vscode","version":"1.1.1","package":"@cosine/analytics"}
INFO [2023-11-15T22:13:28.349Z]: project_reinitialize_success
INFO [2023-11-15T22:13:28.349Z]: {"agent":"cosine-vscode","version":"1.1.1","package":"@cosine/analytics"}
INFO [2023-11-15T22:13:29.948Z]: project_reinitialize_start
INFO [2023-11-15T22:13:29.948Z]: {"agent":"cosine-vscode","version":"1.1.1","package":"@cosine/analytics"}
INFO [2023-11-15T22:13:30.177Z]: project_reinitialize_success
INFO [2023-11-15T22:13:30.177Z]: {"agent":"cosine-vscode","version":"1.1.1","package":"@cosine/analytics"}
INFO [2023-11-15T22:13:31.981Z]: project_reinitialize_success
INFO [2023-11-15T22:13:31.981Z]: {"agent":"cosine-vscode","version":"1.1.1","package":"@cosine/analytics"}
INFO [2023-11-15T22:13:52.255Z]: project_reinitialize_start
INFO [2023-11-15T22:13:52.255Z]: {"agent":"cosine-vscode","version":"1.1.1","package":"@cosine/analytics"}
INFO [2023-11-15T22:13:53.955Z]: project_reinitialize_success
INFO [2023-11-15T22:13:53.956Z]: {"agent":"cosine-vscode","version":"1.1.1","package":"@cosine/analytics"}
INFO [2023-11-15T22:13:54.984Z]: project_reinitialize_start
INFO [2023-11-15T22:13:54.984Z]: {"agent":"cosine-vscode","version":"1.1.1","package":"@cosine/analytics"}
INFO [2023-11-15T22:13:56.598Z]: project_reinitialize_success
INFO [2023-11-15T22:13:56.598Z]: {"agent":"cosine-vscode","version":"1.1.1","package":"@cosine/analytics"}
INFO [2023-11-15T22:14:25.026Z]: project_reinitialize_start
INFO [2023-11-15T22:14:25.026Z]: {"agent":"cosine-vscode","version":"1.1.1","package":"@cosine/analytics"}
INFO [2023-11-15T22:14:26.723Z]: project_reinitialize_success
INFO [2023-11-15T22:14:26.723Z]: {"agent":"cosine-vscode","version":"1.1.1","package":"@cosine/analytics"}
INFO [2023-11-15T22:14:27.541Z]: project_reinitialize_start
INFO [2023-11-15T22:14:27.541Z]: {"agent":"cosine-vscode","version":"1.1.1","package":"@cosine/analytics"}
INFO [2023-11-15T22:14:29.200Z]: project_reinitialize_success
INFO [2023-11-15T22:14:29.200Z]: {"agent":"cosine-vscode","version":"1.1.1","package":"@cosine/analytics"}
INFO [2023-11-15T22:14:36.085Z]: project_reinitialize_start
INFO [2023-11-15T22:14:36.085Z]: {"agent":"cosine-vscode","version":"1.1.1","package":"@cosine/analytics"}
INFO [2023-11-15T22:14:38.499Z]: project_reinitialize_success
INFO [2023-11-15T22:14:38.499Z]: {"agent":"cosine-vscode","version":"1.1.1","package":"@cosine/analytics"}
INFO [2023-11-15T22:14:42.121Z]: project_reinitialize_start
INFO [2023-11-15T22:14:42.121Z]: {"agent":"cosine-vscode","version":"1.1.1","package":"@cosine/analytics"}
INFO [2023-11-15T22:14:44.379Z]: project_reinitialize_start
INFO [2023-11-15T22:14:44.379Z]: {"agent":"cosine-vscode","version":"1.1.1","package":"@cosine/analytics"}
INFO [2023-11-15T22:14:44.822Z]: project_reinitialize_success
INFO [2023-11-15T22:14:44.823Z]: {"agent":"cosine-vscode","version":"1.1.1","package":"@cosine/analytics"}
INFO [2023-11-15T22:14:46.635Z]: project_reinitialize_success
INFO [2023-11-15T22:14:46.635Z]: {"agent":"cosine-vscode","version":"1.1.1","package":"@cosine/analytics"}
INFO [2023-11-15T22:14:54.109Z]: project_reinitialize_start
INFO [2023-11-15T22:14:54.109Z]: {"agent":"cosine-vscode","version":"1.1.1","package":"@cosine/analytics"}
INFO [2023-11-15T22:14:55.936Z]: project_reinitialize_success
INFO [2023-11-15T22:14:55.937Z]: {"agent":"cosine-vscode","version":"1.1.1","package":"@cosine/analytics"}
INFO [2023-11-15T22:15:05.693Z]: project_reinitialize_start
INFO [2023-11-15T22:15:05.693Z]: {"agent":"cosine-vscode","version":"1.1.1","package":"@cosine/analytics"}
INFO [2023-11-15T22:15:07.350Z]: project_reinitialize_success
INFO [2023-11-15T22:15:07.351Z]: {"agent":"cosine-vscode","version":"1.1.1","package":"@cosine/analytics"}
INFO [2023-11-15T22:15:07.399Z]: project_reinitialize_start
INFO [2023-11-15T22:15:07.399Z]: {"agent":"cosine-vscode","version":"1.1.1","package":"@cosine/analytics"}
INFO [2023-11-15T22:15:09.325Z]: project_reinitialize_success
INFO [2023-11-15T22:15:09.325Z]: {"agent":"cosine-vscode","version":"1.1.1","package":"@cosine/analytics"}
INFO [2023-11-15T22:15:13.419Z]: project_reinitialize_start
INFO [2023-11-15T22:15:13.419Z]: {"agent":"cosine-vscode","version":"1.1.1","package":"@cosine/analytics"}
INFO [2023-11-15T22:15:15.387Z]: project_reinitialize_success
INFO [2023-11-15T22:15:15.387Z]: {"agent":"cosine-vscode","version":"1.1.1","package":"@cosine/analytics"}
INFO [2023-11-15T22:15:18.000Z]: project_reinitialize_start
INFO [2023-11-15T22:15:18.000Z]: {"agent":"cosine-vscode","version":"1.1.1","package":"@cosine/analytics"}
INFO [2023-11-15T22:15:18.740Z]: project_reinitialize_success
INFO [2023-11-15T22:15:18.740Z]: {"agent":"cosine-vscode","version":"1.1.1","package":"@cosine/analytics"}
INFO [2023-11-15T22:15:48.371Z]: project_reinitialize_start
INFO [2023-11-15T22:15:48.371Z]: {"agent":"cosine-vscode","version":"1.1.1","package":"@cosine/analytics"}
INFO [2023-11-15T22:15:49.821Z]: project_reinitialize_success
INFO [2023-11-15T22:15:49.822Z]: {"agent":"cosine-vscode","version":"1.1.1","package":"@cosine/analytics"}
INFO [2023-11-15T22:15:54.880Z]: project_reinitialize_start
INFO [2023-11-15T22:15:54.880Z]: {"agent":"cosine-vscode","version":"1.1.1","package":"@cosine/analytics"}
INFO [2023-11-15T22:15:56.953Z]: project_reinitialize_success
INFO [2023-11-15T22:15:56.954Z]: {"agent":"cosine-vscode","version":"1.1.1","package":"@cosine/analytics"}
INFO [2023-11-15T22:15:59.832Z]: project_reinitialize_start
INFO [2023-11-15T22:15:59.832Z]: {"agent":"cosine-vscode","version":"1.1.1","package":"@cosine/analytics"}
INFO [2023-11-15T22:16:00.609Z]: project_reinitialize_success
INFO [2023-11-15T22:16:00.610Z]: {"agent":"cosine-vscode","version":"1.1.1","package":"@cosine/analytics"}
INFO [2023-11-15T22:16:18.010Z]: question_start
INFO [2023-11-15T22:16:18.010Z]: {"prompt":"TypeError: res.setHeader is not a function","agent":"cosine-vscode","version":"1.1.1","package":"@cosine/analytics"}
INFO [2023-11-15T22:16:23.169Z]: project_reinitialize_start
INFO [2023-11-15T22:16:23.169Z]: {"agent":"cosine-vscode","version":"1.1.1","package":"@cosine/analytics"}
INFO [2023-11-15T22:16:25.549Z]: project_reinitialize_success
INFO [2023-11-15T22:16:25.549Z]: {"agent":"cosine-vscode","version":"1.1.1","package":"@cosine/analytics"}
INFO [2023-11-15T22:16:29.938Z]: project_reinitialize_start
INFO [2023-11-15T22:16:29.939Z]: {"agent":"cosine-vscode","version":"1.1.1","package":"@cosine/analytics"}
INFO [2023-11-15T22:16:31.817Z]: project_reinitialize_success
INFO [2023-11-15T22:16:31.818Z]: {"agent":"cosine-vscode","version":"1.1.1","package":"@cosine/analytics"}
INFO [2023-11-15T22:16:39.060Z]: question_success
INFO [2023-11-15T22:16:39.060Z]: {"prompt":"TypeError: res.setHeader is not a function","agent":"cosine-vscode","version":"1.1.1","package":"@cosine/analytics"}
INFO [2023-11-15T22:16:39.294Z]: project_reinitialize_start
INFO [2023-11-15T22:16:39.294Z]: {"agent":"cosine-vscode","version":"1.1.1","package":"@cosine/analytics"}
INFO [2023-11-15T22:16:39.398Z]: project_reinitialize_start
INFO [2023-11-15T22:16:39.398Z]: {"agent":"cosine-vscode","version":"1.1.1","package":"@cosine/analytics"}
INFO [2023-11-15T22:16:41.208Z]: project_reinitialize_success
INFO [2023-11-15T22:16:41.208Z]: {"agent":"cosine-vscode","version":"1.1.1","package":"@cosine/analytics"}
INFO [2023-11-15T22:16:41.879Z]: project_reinitialize_success
INFO [2023-11-15T22:16:41.880Z]: {"agent":"cosine-vscode","version":"1.1.1","package":"@cosine/analytics"}