
INFO [2023-12-10T13:27:56.548Z]: Preparing to initialize extension
INFO [2023-12-10T13:27:57.553Z]: Registering flag observer
INFO [2023-12-10T13:27:57.553Z]: Navigating to loading page
INFO [2023-12-10T13:27:57.553Z]: Navigation
INFO [2023-12-10T13:27:57.553Z]: {"page":"/loading"}
INFO [2023-12-10T13:27:57.553Z]: Initializing workspace controller
INFO [2023-12-10T13:27:57.555Z]: Creating URI handler
INFO [2023-12-10T13:27:57.555Z]: Getting auth service props
INFO [2023-12-10T13:27:57.556Z]: Creating auth service
INFO [2023-12-10T13:27:57.556Z]: Setting network auth service
INFO [2023-12-10T13:27:57.556Z]: Creating context store
INFO [2023-12-10T13:27:57.556Z]: Creating engine
INFO [2023-12-10T13:27:57.556Z]: Creating sql db
INFO [2023-12-10T13:27:57.714Z]: Creating vector db
INFO [2023-12-10T13:27:57.714Z]: Creating config manager
INFO [2023-12-10T13:27:57.724Z]: Get languages
INFO [2023-12-10T13:27:57.724Z]: Reading ALL files
INFO [2023-12-10T13:27:58.015Z]: Files: 64
INFO [2023-12-10T13:27:58.015Z]: Counting languages
INFO [2023-12-10T13:27:58.016Z]: Sorting languages
INFO [2023-12-10T13:27:58.016Z]: Get Overview
INFO [2023-12-10T13:27:58.016Z]: Creating code parser
INFO [2023-12-10T13:27:58.016Z]: Creating code index
INFO [2023-12-10T13:27:58.016Z]: Creating graphs
INFO [2023-12-10T13:27:58.017Z]: Creating tagger
INFO [2023-12-10T13:27:58.017Z]: Creating semantic
INFO [2023-12-10T13:27:58.017Z]: Creating keyword
INFO [2023-12-10T13:27:58.017Z]: Creating file search
INFO [2023-12-10T13:27:58.017Z]: Initializing engine
INFO [2023-12-10T13:27:58.269Z]: [CodeTagger.init] Initializing
INFO [2023-12-10T13:27:58.272Z]: Initializing history service
INFO [2023-12-10T13:27:58.272Z]: Creating project bot props
INFO [2023-12-10T13:27:58.272Z]: Creating plan service
INFO [2023-12-10T13:27:58.272Z]: Creating terms service
INFO [2023-12-10T13:27:58.272Z]: Creating auth controller
INFO [2023-12-10T13:27:58.272Z]: Initializing auth controller
INFO [2023-12-10T13:27:58.273Z]: Checking auth
INFO [2023-12-10T13:27:59.496Z]: Set User: qn38Qp13HXWChxa84NVTIhOBNXj2
INFO [2023-12-10T13:27:59.506Z]: Creating plan controller
INFO [2023-12-10T13:27:59.506Z]: Initializing plan controller
INFO [2023-12-10T13:27:59.980Z]: Creating status controller
INFO [2023-12-10T13:27:59.980Z]: Creating chat bot
INFO [2023-12-10T13:27:59.981Z]: Creating git service
INFO [2023-12-10T13:27:59.981Z]: Creating user context
INFO [2023-12-10T13:27:59.981Z]: Creating search controller
INFO [2023-12-10T13:27:59.982Z]: Initializing search controller
INFO [2023-12-10T13:27:59.984Z]: Creating index controller
INFO [2023-12-10T13:27:59.984Z]: Initializing index controller
INFO [2023-12-10T13:27:59.984Z]: Creating migrate controller
INFO [2023-12-10T13:27:59.984Z]: Initializing migrate controller
INFO [2023-12-10T13:27:59.984Z]: Creating settings controller
INFO [2023-12-10T13:27:59.984Z]: Initializing settings controller
INFO [2023-12-10T13:27:59.985Z]: Creating navigation controller
INFO [2023-12-10T13:27:59.985Z]: Initializing navigation controller
INFO [2023-12-10T13:27:59.985Z]: Registering auth service with auth controller
INFO [2023-12-10T13:27:59.985Z]: Calculating navigation
INFO [2023-12-10T13:28:00.004Z]: Navigation
INFO [2023-12-10T13:28:00.004Z]: {"page":"/home"}
INFO [2023-12-10T13:28:00.009Z]: Fully initialized!
INFO [2023-12-10T13:28:00.010Z]: project_reinitialize_start
INFO [2023-12-10T13:28:00.010Z]: {}
INFO [2023-12-10T13:28:00.011Z]: extension_initialized
INFO [2023-12-10T13:28:00.011Z]: {"timeToInit":3461}
INFO [2023-12-10T13:28:00.356Z]: [Engine.indexCode] Preindexing with graph
INFO [2023-12-10T13:28:00.357Z]: [SemanticCodeSearch.preIndex] Embedding components
INFO [2023-12-10T13:28:00.357Z]: {"added":0,"deleted":0}
INFO [2023-12-10T13:28:00.357Z]: [CodeGraphOrchestrator.preIndex] Preindexing
INFO [2023-12-10T13:28:00.357Z]: [CodeGraphOrchestrator.preIndex] Preindexed
INFO [2023-12-10T13:28:00.357Z]: [SemanticCodeSearch.preIndex] Embedded components
INFO [2023-12-10T13:28:00.357Z]: {"length":0}
INFO [2023-12-10T13:28:00.357Z]: [Engine.indexCode]: Preindexed semantic & graph
INFO [2023-12-10T13:28:00.357Z]: [Engine.indexCode] Indexing code
INFO [2023-12-10T13:28:00.357Z]: [KeywordCodeSearch.index] Indexing
INFO [2023-12-10T13:28:00.357Z]: [KeywordCodeSearch.index] Saving index
INFO [2023-12-10T13:28:00.358Z]: [CodeGraphOrchestrator.index] Indexing
INFO [2023-12-10T13:28:00.358Z]: [CodeGraphOrchestrator.index] Indexed
INFO [2023-12-10T13:28:00.536Z]: [KeywordCodeSearch.index] Indexed
INFO [2023-12-10T13:28:00.537Z]: [SemanticCodeSearch.index] Indexing components
INFO [2023-12-10T13:28:00.537Z]: {"added":0,"deleted":0}
INFO [2023-12-10T13:28:00.537Z]: [SemanticCodeSearch.index] Deleting components
INFO [2023-12-10T13:28:00.537Z]: {"embeddingsToDelete":0}
INFO [2023-12-10T13:28:00.537Z]: [SemanticCodeSearch.index] Writing components
INFO [2023-12-10T13:28:00.537Z]: {"write":0}
INFO [2023-12-10T13:28:00.772Z]: [SemanticCodeSearch.index] Indexed components
INFO [2023-12-10T13:28:00.772Z]: {"resuts":0,"delete":0}
INFO [2023-12-10T13:28:00.773Z]: [CodeIndex.index] Indexing with MetaDB
INFO [2023-12-10T13:28:00.773Z]: {"files":{"added":0,"changed":0,"deleted":0}}
INFO [2023-12-10T13:28:00.826Z]: [CodeIndex.index] Indexed with MetaDB
INFO [2023-12-10T13:28:00.828Z]: [CodeTagger.index] Starting to index
INFO [2023-12-10T13:28:01.178Z]: [Engine.indexCode] Indexed code
INFO [2023-12-10T13:28:01.178Z]: [KeywordCodeSearch.diffIndex] Computing diff
INFO [2023-12-10T13:28:01.178Z]: [KeywordCodeSearch.diffIndex] Diff computed
INFO [2023-12-10T13:28:01.178Z]: {"adding":0,"deleting":0}
INFO [2023-12-10T13:28:01.178Z]: project_reinitialize_success
INFO [2023-12-10T13:28:01.178Z]: {}
INFO [2023-12-10T13:28:02.630Z]: question_start
INFO [2023-12-10T13:28:02.630Z]: {"prompt":"hi"}
INFO [2023-12-10T13:28:04.778Z]: question_success
INFO [2023-12-10T13:28:04.779Z]: {"prompt":"hi"}
INFO [2023-12-10T13:29:01.589Z]: question_start
INFO [2023-12-10T13:29:01.590Z]: {"prompt":" const user1Chats = await prisma.user.findUnique({\n     |                                ^\n  54 |   where: { id: userId1 },\n  55 |   include: { chats: true },\n  56 | })"}
INFO [2023-12-10T13:29:04.791Z]: question_success
INFO [2023-12-10T13:29:04.792Z]: {"prompt":" const user1Chats = await prisma.user.findUnique({\n     |                                ^\n  54 |   where: { id: userId1 },\n  55 |   include: { chats: true },\n  56 | })"}
INFO [2023-12-10T13:29:16.549Z]: question_start
INFO [2023-12-10T13:29:16.550Z]: {"prompt":"Unhandled Runtime Error\nError: PrismaClient is unable to run in this browser environment, or has been bundled for the browser (running in `unknown`).\nIf this is unexpected, please open an issue: https://github.com/prisma/prisma/issues\n\nSource\nsrc\\lib\\dbQueries.ts (53:34) @ user\n\n  51 | };\n  52 |\n> 53 | const user1Chats = await prisma.user.findUnique({\n     |                                ^\n  54 |   where: { id: userId1 },\n  55 |   include: { chats: true },\n  56 | });"}
INFO [2023-12-10T13:29:28.903Z]: question_success
INFO [2023-12-10T13:29:28.904Z]: {"prompt":"Unhandled Runtime Error\nError: PrismaClient is unable to run in this browser environment, or has been bundled for the browser (running in `unknown`).\nIf this is unexpected, please open an issue: https://github.com/prisma/prisma/issues\n\nSource\nsrc\\lib\\dbQueries.ts (53:34) @ user\n\n  51 | };\n  52 |\n> 53 | const user1Chats = await prisma.user.findUnique({\n     |                                ^\n  54 |   where: { id: userId1 },\n  55 |   include: { chats: true },\n  56 | });"}
INFO [2023-12-10T13:30:49.585Z]: question_start
INFO [2023-12-10T13:30:49.585Z]: {"prompt":"thats my func at dbQueires file \n\nexport const createChat = async (\n  userId1: string | undefined,\n  userId2: string | undefined\n) => {\n  if (!userId1 || !userId2) {\n    return { message: \"Missing user ID\" };\n  }\n  const chatData: ChatCreateInput = {\n    users: { connect: [{ id: userId1 }, { id: userId2 }] },\n    createdAt: new Date(),\n    updatedAt: new Date(),\n  };\n\n  const user1Chats = await prisma.user.findUnique({\n    where: { id: userId1 },\n    include: { chats: true },\n  });\n\n  const user2Chats = await prisma.user.findUnique({\n    where: { id: userId1 },\n    include: { chats: true },\n  });\n\n  try {\n    if (!user1Chats || !user2Chats) {\n      throw new Error(\"One or both users not found\");\n    }\n\n    const commonChat = user1Chats.chats.find((chat1) =>\n      user2Chats.chats.some((chat2) => chat2.id === chat1.id)\n    );\n\n    if (commonChat) {\n      console.log(\"exiting chat\");\n      const res = { message: \"Conversation found\", Chat: commonChat.id };\n      return res;\n    } else {\n      const chat = await prisma.chat.create({\n        data: chatData,\n      });\n      const res = { message: \"Conversation created\", Chat: chat.id };\n      return res;\n    }\n  } catch (error) {\n    console.error(error);\n    const res = { message: \"Internal server error\" };\n    return res;\n  }\n};\n\nand thats the handler func\n  const chatHandler = async (e: React.MouseEvent<HTMLButtonElement, MouseEvent>) => {\n    e.preventDefault();\n    if (!car?.ownerId || !currentUserId) {\n      toast({\n        variant: \"destructive\",\n        title: \"Missing Id\",\n        description: \"One of the users Id are Missing\",\n      });\n      return;\n    } else {\n      const chatId = await createChat(car?.ownerId, currentUserId);\n      console.log(chatId);\n    }\n  };\n\n"}
INFO [2023-12-10T13:30:56.693Z]: question_success
INFO [2023-12-10T13:30:56.694Z]: {"prompt":"thats my func at dbQueires file \n\nexport const createChat = async (\n  userId1: string | undefined,\n  userId2: string | undefined\n) => {\n  if (!userId1 || !userId2) {\n    return { message: \"Missing user ID\" };\n  }\n  const chatData: ChatCreateInput = {\n    users: { connect: [{ id: userId1 }, { id: userId2 }] },\n    createdAt: new Date(),\n    updatedAt: new Date(),\n  };\n\n  const user1Chats = await prisma.user.findUnique({\n    where: { id: userId1 },\n    include: { chats: true },\n  });\n\n  const user2Chats = await prisma.user.findUnique({\n    where: { id: userId1 },\n    include: { chats: true },\n  });\n\n  try {\n    if (!user1Chats || !user2Chats) {\n      throw new Error(\"One or both users not found\");\n    }\n\n    const commonChat = user1Chats.chats.find((chat1) =>\n      user2Chats.chats.some((chat2) => chat2.id === chat1.id)\n    );\n\n    if (commonChat) {\n      console.log(\"exiting chat\");\n      const res = { message: \"Conversation found\", Chat: commonChat.id };\n      return res;\n    } else {\n      const chat = await prisma.chat.create({\n        data: chatData,\n      });\n      const res = { message: \"Conversation created\", Chat: chat.id };\n      return res;\n    }\n  } catch (error) {\n    console.error(error);\n    const res = { message: \"Internal server error\" };\n    return res;\n  }\n};\n\nand thats the handler func\n  const chatHandler = async (e: React.MouseEvent<HTMLButtonElement, MouseEvent>) => {\n    e.preventDefault();\n    if (!car?.ownerId || !currentUserId) {\n      toast({\n        variant: \"destructive\",\n        title: \"Missing Id\",\n        description: \"One of the users Id are Missing\",\n      });\n      return;\n    } else {\n      const chatId = await createChat(car?.ownerId, currentUserId);\n      console.log(chatId);\n    }\n  };\n\n"}
INFO [2023-12-10T13:31:15.322Z]: question_start
INFO [2023-12-10T13:31:15.322Z]: {"prompt":"im getting this error \n\nUnhandled Runtime Error\nError: PrismaClient is unable to run in this browser environment, or has been bundled for the browser (running in `unknown`).\nIf this is unexpected, please open an issue: https://github.com/prisma/prisma/issues\n\nSource\nsrc\\lib\\dbQueries.ts (53:34) @ user\n\n  51 | };\n  52 |\n> 53 | const user1Chats = await prisma.user.findUnique({\n     |                                ^\n  54 |   where: { id: userId1 },\n  55 |   include: { chats: true },\n  56 | });"}
INFO [2023-12-10T13:31:34.170Z]: question_success
INFO [2023-12-10T13:31:34.170Z]: {"prompt":"im getting this error \n\nUnhandled Runtime Error\nError: PrismaClient is unable to run in this browser environment, or has been bundled for the browser (running in `unknown`).\nIf this is unexpected, please open an issue: https://github.com/prisma/prisma/issues\n\nSource\nsrc\\lib\\dbQueries.ts (53:34) @ user\n\n  51 | };\n  52 |\n> 53 | const user1Chats = await prisma.user.findUnique({\n     |                                ^\n  54 |   where: { id: userId1 },\n  55 |   include: { chats: true },\n  56 | });"}
INFO [2023-12-10T17:43:18.618Z]: Preparing to initialize extension
INFO [2023-12-10T17:43:19.626Z]: Registering flag observer
INFO [2023-12-10T17:43:19.627Z]: Navigating to loading page
INFO [2023-12-10T17:43:19.627Z]: Navigation
INFO [2023-12-10T17:43:19.627Z]: {"page":"/loading"}
INFO [2023-12-10T17:43:19.627Z]: Initializing workspace controller
INFO [2023-12-10T17:43:19.630Z]: Creating URI handler
INFO [2023-12-10T17:43:19.630Z]: Getting auth service props
INFO [2023-12-10T17:43:19.631Z]: Creating auth service
INFO [2023-12-10T17:43:19.631Z]: Setting network auth service
INFO [2023-12-10T17:43:19.631Z]: Creating context store
INFO [2023-12-10T17:43:19.631Z]: Creating engine
INFO [2023-12-10T17:43:19.631Z]: Creating sql db
INFO [2023-12-10T17:43:19.857Z]: Creating vector db
INFO [2023-12-10T17:43:19.858Z]: Creating config manager
INFO [2023-12-10T17:43:19.886Z]: Get languages
INFO [2023-12-10T17:43:19.886Z]: Reading ALL files
INFO [2023-12-10T17:43:19.958Z]: Files: 64
INFO [2023-12-10T17:43:19.958Z]: Counting languages
INFO [2023-12-10T17:43:19.959Z]: Sorting languages
INFO [2023-12-10T17:43:19.959Z]: Get Overview
INFO [2023-12-10T17:43:19.959Z]: Creating code parser
INFO [2023-12-10T17:43:19.959Z]: Creating code index
INFO [2023-12-10T17:43:19.961Z]: Creating graphs
INFO [2023-12-10T17:43:19.961Z]: Creating tagger
INFO [2023-12-10T17:43:19.961Z]: Creating semantic
INFO [2023-12-10T17:43:19.961Z]: Creating keyword
INFO [2023-12-10T17:43:19.961Z]: Creating file search
INFO [2023-12-10T17:43:19.961Z]: Initializing engine
INFO [2023-12-10T17:43:20.677Z]: [CodeTagger.init] Initializing
INFO [2023-12-10T17:43:20.729Z]: Initializing history service
INFO [2023-12-10T17:43:20.729Z]: Creating project bot props
INFO [2023-12-10T17:43:20.729Z]: Creating plan service
INFO [2023-12-10T17:43:20.729Z]: Creating terms service
INFO [2023-12-10T17:43:20.729Z]: Creating auth controller
INFO [2023-12-10T17:43:20.729Z]: Initializing auth controller
INFO [2023-12-10T17:43:20.730Z]: Checking auth
INFO [2023-12-10T17:43:21.947Z]: Set User: qn38Qp13HXWChxa84NVTIhOBNXj2
INFO [2023-12-10T17:43:21.956Z]: Creating plan controller
INFO [2023-12-10T17:43:21.956Z]: Initializing plan controller
INFO [2023-12-10T17:43:22.443Z]: Creating status controller
INFO [2023-12-10T17:43:22.444Z]: Creating chat bot
INFO [2023-12-10T17:43:22.445Z]: Creating git service
INFO [2023-12-10T17:43:22.445Z]: Creating user context
INFO [2023-12-10T17:43:22.445Z]: Creating search controller
INFO [2023-12-10T17:43:22.446Z]: Initializing search controller
INFO [2023-12-10T17:43:22.453Z]: Creating index controller
INFO [2023-12-10T17:43:22.453Z]: Initializing index controller
INFO [2023-12-10T17:43:22.453Z]: Creating migrate controller
INFO [2023-12-10T17:43:22.453Z]: Initializing migrate controller
INFO [2023-12-10T17:43:22.453Z]: Creating settings controller
INFO [2023-12-10T17:43:22.454Z]: Initializing settings controller
INFO [2023-12-10T17:43:22.454Z]: Creating navigation controller
INFO [2023-12-10T17:43:22.454Z]: Initializing navigation controller
INFO [2023-12-10T17:43:22.454Z]: Registering auth service with auth controller
INFO [2023-12-10T17:43:22.454Z]: Calculating navigation
INFO [2023-12-10T17:43:22.481Z]: Navigation
INFO [2023-12-10T17:43:22.481Z]: {"page":"/home"}
INFO [2023-12-10T17:43:22.487Z]: Fully initialized!
INFO [2023-12-10T17:43:22.489Z]: project_reinitialize_start
INFO [2023-12-10T17:43:22.489Z]: {}
INFO [2023-12-10T17:43:22.490Z]: extension_initialized
INFO [2023-12-10T17:43:22.490Z]: {"timeToInit":3870}
INFO [2023-12-10T17:43:22.623Z]: [Engine.indexCode] Preindexing with graph
INFO [2023-12-10T17:43:22.623Z]: [SemanticCodeSearch.preIndex] Embedding components
INFO [2023-12-10T17:43:22.623Z]: {"added":0,"deleted":0}
INFO [2023-12-10T17:43:22.624Z]: [CodeGraphOrchestrator.preIndex] Preindexing
INFO [2023-12-10T17:43:22.624Z]: [CodeGraphOrchestrator.preIndex] Preindexed
INFO [2023-12-10T17:43:22.624Z]: [SemanticCodeSearch.preIndex] Embedded components
INFO [2023-12-10T17:43:22.624Z]: {"length":0}
INFO [2023-12-10T17:43:22.624Z]: [Engine.indexCode]: Preindexed semantic & graph
INFO [2023-12-10T17:43:22.624Z]: [Engine.indexCode] Indexing code
INFO [2023-12-10T17:43:22.625Z]: [KeywordCodeSearch.index] Indexing
INFO [2023-12-10T17:43:22.625Z]: [KeywordCodeSearch.index] Saving index
INFO [2023-12-10T17:43:22.625Z]: [CodeGraphOrchestrator.index] Indexing
INFO [2023-12-10T17:43:22.625Z]: [CodeGraphOrchestrator.index] Indexed
INFO [2023-12-10T17:43:23.014Z]: [KeywordCodeSearch.index] Indexed
INFO [2023-12-10T17:43:23.014Z]: [SemanticCodeSearch.index] Indexing components
INFO [2023-12-10T17:43:23.014Z]: {"added":0,"deleted":0}
INFO [2023-12-10T17:43:23.014Z]: [SemanticCodeSearch.index] Deleting components
INFO [2023-12-10T17:43:23.014Z]: {"embeddingsToDelete":0}
INFO [2023-12-10T17:43:23.015Z]: [SemanticCodeSearch.index] Writing components
INFO [2023-12-10T17:43:23.015Z]: {"write":0}
INFO [2023-12-10T17:43:23.296Z]: [SemanticCodeSearch.index] Indexed components
INFO [2023-12-10T17:43:23.296Z]: {"resuts":0,"delete":0}
INFO [2023-12-10T17:43:23.297Z]: [CodeIndex.index] Indexing with MetaDB
INFO [2023-12-10T17:43:23.297Z]: {"files":{"added":0,"changed":0,"deleted":0}}
INFO [2023-12-10T17:43:23.388Z]: [CodeIndex.index] Indexed with MetaDB
INFO [2023-12-10T17:43:23.393Z]: [CodeTagger.index] Starting to index
INFO [2023-12-10T17:43:23.763Z]: [Engine.indexCode] Indexed code
INFO [2023-12-10T17:43:23.763Z]: [KeywordCodeSearch.diffIndex] Computing diff
INFO [2023-12-10T17:43:23.763Z]: [KeywordCodeSearch.diffIndex] Diff computed
INFO [2023-12-10T17:43:23.763Z]: {"adding":0,"deleting":0}
INFO [2023-12-10T17:43:23.763Z]: project_reinitialize_success
INFO [2023-12-10T17:43:23.763Z]: {}
INFO [2023-12-10T17:43:24.944Z]: question_start
INFO [2023-12-10T17:43:24.944Z]: {"prompt":"Error: Image with src \"/masdoomLogo.svg\" is missing \"loader\" prop.\nRead more: https://nextjs.org/docs/messages/next-image-missing-loader"}
INFO [2023-12-10T17:43:39.062Z]: question_success
INFO [2023-12-10T17:43:39.062Z]: {"prompt":"Error: Image with src \"/masdoomLogo.svg\" is missing \"loader\" prop.\nRead more: https://nextjs.org/docs/messages/next-image-missing-loader"}
INFO [2023-12-10T19:49:24.336Z]: project_reinitialize_start
INFO [2023-12-10T19:49:24.337Z]: {}
INFO [2023-12-10T19:49:24.705Z]: [Engine.indexCode] Preindexing with graph
INFO [2023-12-10T19:49:24.706Z]: [SemanticCodeSearch.preIndex] Embedding components
INFO [2023-12-10T19:49:24.706Z]: {"added":5,"deleted":5}
INFO [2023-12-10T19:49:25.031Z]: [CodeGraphOrchestrator.preIndex] Preindexing
INFO [2023-12-10T19:49:25.031Z]: [CodeGraphOrchestrator.preIndex] Linking
INFO [2023-12-10T19:49:25.031Z]: {"language":"TypeScript"}
INFO [2023-12-10T19:49:25.198Z]: [CodeGraphOrchestrator.preIndex] Symbolising
INFO [2023-12-10T19:49:25.198Z]: {"language":"TypeScript","percent":100,"file":"src\\lib\\dbQueries.ts"}
INFO [2023-12-10T19:49:25.288Z]: [CodeGraphOrchestrator.preIndex] Linking
INFO [2023-12-10T19:49:25.288Z]: {"language":"TypeScript","percent":101.72413793103448,"file":"src\\lib\\dbQueries.ts"}
INFO [2023-12-10T19:49:25.289Z]: [CodeGraphOrchestrator.preIndex] Linking
INFO [2023-12-10T19:49:25.289Z]: {"language":"TypeScript","percent":100}
INFO [2023-12-10T19:49:25.289Z]: [CodeGraphOrchestrator.preIndex] Linking complete
INFO [2023-12-10T19:49:25.289Z]: {"language":"TypeScript"}
INFO [2023-12-10T19:49:25.289Z]: [CodeGraphOrchestrator.preIndex] Preindexed
INFO [2023-12-10T19:49:27.501Z]: [SemanticCodeSearch.preIndex] Embedded components
INFO [2023-12-10T19:49:27.501Z]: {"length":5}
INFO [2023-12-10T19:49:27.501Z]: [Engine.indexCode]: Preindexed semantic & graph
INFO [2023-12-10T19:49:27.501Z]: [Engine.indexCode] Indexing code
INFO [2023-12-10T19:49:27.501Z]: [KeywordCodeSearch.index] Indexing
INFO [2023-12-10T19:49:27.515Z]: [KeywordCodeSearch.index] Saving index
INFO [2023-12-10T19:49:27.516Z]: [CodeGraphOrchestrator.index] Indexing
INFO [2023-12-10T19:49:27.516Z]: [CodeGraphOrchestrator.index] Indexing Language
INFO [2023-12-10T19:49:27.516Z]: {"language":"TypeScript"}
INFO [2023-12-10T19:49:27.645Z]: [CodeGraphOrchestrator.index] Indexed
INFO [2023-12-10T19:49:27.703Z]: [KeywordCodeSearch.index] Indexed
INFO [2023-12-10T19:49:27.703Z]: [SemanticCodeSearch.index] Indexing components
INFO [2023-12-10T19:49:27.703Z]: {"added":5,"deleted":5}
INFO [2023-12-10T19:49:27.704Z]: [SemanticCodeSearch.index] Deleting components
INFO [2023-12-10T19:49:27.704Z]: {"embeddingsToDelete":5}
INFO [2023-12-10T19:49:27.704Z]: [SemanticCodeSearch.index] Writing components
INFO [2023-12-10T19:49:27.704Z]: {"write":5}
INFO [2023-12-10T19:49:28.320Z]: [SemanticCodeSearch.index] Indexed components
INFO [2023-12-10T19:49:28.320Z]: {"resuts":5,"delete":5}
INFO [2023-12-10T19:49:28.320Z]: [CodeIndex.index] Indexing with MetaDB
INFO [2023-12-10T19:49:28.320Z]: {"files":{"added":0,"changed":1,"deleted":0}}
INFO [2023-12-10T19:49:28.402Z]: [CodeIndex.index] Indexed with MetaDB
INFO [2023-12-10T19:49:28.406Z]: [CodeTagger.index] Starting to index
INFO [2023-12-10T19:49:28.454Z]: [Engine.indexCode] Indexed code
INFO [2023-12-10T19:49:28.455Z]: [KeywordCodeSearch.diffIndex] Computing diff
INFO [2023-12-10T19:49:28.455Z]: [KeywordCodeSearch.diffIndex] Diff computed
INFO [2023-12-10T19:49:28.455Z]: {"adding":0,"deleting":0}
INFO [2023-12-10T19:49:28.462Z]: project_reinitialize_success
INFO [2023-12-10T19:49:28.462Z]: {}
INFO [2023-12-10T19:49:34.616Z]: project_reinitialize_start
INFO [2023-12-10T19:49:34.616Z]: {}
INFO [2023-12-10T19:49:34.740Z]: [Engine.indexCode] Preindexing with graph
INFO [2023-12-10T19:49:34.740Z]: [SemanticCodeSearch.preIndex] Embedding components
INFO [2023-12-10T19:49:34.740Z]: {"added":4,"deleted":5}
INFO [2023-12-10T19:49:34.743Z]: [CodeGraphOrchestrator.preIndex] Preindexing
INFO [2023-12-10T19:49:34.743Z]: [CodeGraphOrchestrator.preIndex] Linking
INFO [2023-12-10T19:49:34.743Z]: {"language":"TypeScript"}
INFO [2023-12-10T19:49:34.775Z]: [CodeGraphOrchestrator.preIndex] Symbolising
INFO [2023-12-10T19:49:34.775Z]: {"language":"TypeScript","percent":100,"file":"src\\app\\api\\chat\\create\\route.ts"}
INFO [2023-12-10T19:49:34.808Z]: [CodeGraphOrchestrator.preIndex] Linking
INFO [2023-12-10T19:49:34.808Z]: {"language":"TypeScript","percent":101.7391304347826,"file":"src\\app\\api\\chat\\create\\route.ts"}
INFO [2023-12-10T19:49:34.808Z]: [CodeGraphOrchestrator.preIndex] Linking
INFO [2023-12-10T19:49:34.808Z]: {"language":"TypeScript","percent":100}
INFO [2023-12-10T19:49:34.809Z]: [CodeGraphOrchestrator.preIndex] Linking complete
INFO [2023-12-10T19:49:34.809Z]: {"language":"TypeScript"}
INFO [2023-12-10T19:49:34.809Z]: [CodeGraphOrchestrator.preIndex] Preindexed
INFO [2023-12-10T19:49:35.763Z]: [SemanticCodeSearch.preIndex] Embedded components
INFO [2023-12-10T19:49:35.763Z]: {"length":4}
INFO [2023-12-10T19:49:35.763Z]: [Engine.indexCode]: Preindexed semantic & graph
INFO [2023-12-10T19:49:35.763Z]: [Engine.indexCode] Indexing code
INFO [2023-12-10T19:49:35.763Z]: [KeywordCodeSearch.index] Indexing
INFO [2023-12-10T19:49:35.774Z]: [KeywordCodeSearch.index] Saving index
INFO [2023-12-10T19:49:35.774Z]: [CodeGraphOrchestrator.index] Indexing
INFO [2023-12-10T19:49:35.774Z]: [CodeGraphOrchestrator.index] Indexing Language
INFO [2023-12-10T19:49:35.774Z]: {"language":"TypeScript"}
INFO [2023-12-10T19:49:35.928Z]: [CodeGraphOrchestrator.index] Indexed
INFO [2023-12-10T19:49:35.980Z]: [KeywordCodeSearch.index] Indexed
INFO [2023-12-10T19:49:35.980Z]: [SemanticCodeSearch.index] Indexing components
INFO [2023-12-10T19:49:35.980Z]: {"added":4,"deleted":5}
INFO [2023-12-10T19:49:35.980Z]: [SemanticCodeSearch.index] Deleting components
INFO [2023-12-10T19:49:35.980Z]: {"embeddingsToDelete":5}
INFO [2023-12-10T19:49:35.980Z]: [SemanticCodeSearch.index] Writing components
INFO [2023-12-10T19:49:35.980Z]: {"write":4}
INFO [2023-12-10T19:49:36.281Z]: [SemanticCodeSearch.index] Indexed components
INFO [2023-12-10T19:49:36.281Z]: {"resuts":4,"delete":5}
INFO [2023-12-10T19:49:36.281Z]: [CodeIndex.index] Indexing with MetaDB
INFO [2023-12-10T19:49:36.281Z]: {"files":{"added":0,"changed":1,"deleted":0}}
INFO [2023-12-10T19:49:36.362Z]: [CodeIndex.index] Indexed with MetaDB
INFO [2023-12-10T19:49:36.367Z]: [CodeTagger.index] Starting to index
INFO [2023-12-10T19:49:36.424Z]: [Engine.indexCode] Indexed code
INFO [2023-12-10T19:49:36.424Z]: [KeywordCodeSearch.diffIndex] Computing diff
INFO [2023-12-10T19:49:36.425Z]: [KeywordCodeSearch.diffIndex] Diff computed
INFO [2023-12-10T19:49:36.425Z]: {"adding":0,"deleting":0}
INFO [2023-12-10T19:49:36.432Z]: project_reinitialize_success
INFO [2023-12-10T19:49:36.432Z]: {}
INFO [2023-12-11T12:40:23.808Z]: Preparing to initialize extension
INFO [2023-12-11T12:40:24.812Z]: Registering flag observer
INFO [2023-12-11T12:40:24.813Z]: Navigating to loading page
INFO [2023-12-11T12:40:24.813Z]: Navigation
INFO [2023-12-11T12:40:24.813Z]: {"page":"/loading"}
INFO [2023-12-11T12:40:24.813Z]: Initializing workspace controller
INFO [2023-12-11T12:40:24.815Z]: Creating URI handler
INFO [2023-12-11T12:40:24.815Z]: Getting auth service props
INFO [2023-12-11T12:40:24.816Z]: Creating auth service
INFO [2023-12-11T12:40:24.816Z]: Setting network auth service
INFO [2023-12-11T12:40:24.816Z]: Creating context store
INFO [2023-12-11T12:40:24.817Z]: Creating engine
INFO [2023-12-11T12:40:24.817Z]: Creating sql db
INFO [2023-12-11T12:40:25.278Z]: Creating vector db
INFO [2023-12-11T12:40:25.278Z]: Creating config manager
INFO [2023-12-11T12:40:25.288Z]: Get languages
INFO [2023-12-11T12:40:25.288Z]: Reading ALL files
INFO [2023-12-11T12:40:25.332Z]: Files: 64
INFO [2023-12-11T12:40:25.332Z]: Counting languages
INFO [2023-12-11T12:40:25.332Z]: Sorting languages
INFO [2023-12-11T12:40:25.332Z]: Get Overview
INFO [2023-12-11T12:40:25.332Z]: Creating code parser
INFO [2023-12-11T12:40:25.332Z]: Creating code index
INFO [2023-12-11T12:40:25.333Z]: Creating graphs
INFO [2023-12-11T12:40:25.333Z]: Creating tagger
INFO [2023-12-11T12:40:25.334Z]: Creating semantic
INFO [2023-12-11T12:40:25.334Z]: Creating keyword
INFO [2023-12-11T12:40:25.334Z]: Creating file search
INFO [2023-12-11T12:40:25.334Z]: Initializing engine
INFO [2023-12-11T12:40:26.210Z]: [CodeTagger.init] Initializing
INFO [2023-12-11T12:40:26.289Z]: Initializing history service
INFO [2023-12-11T12:40:26.289Z]: Creating project bot props
INFO [2023-12-11T12:40:26.289Z]: Creating plan service
INFO [2023-12-11T12:40:26.289Z]: Creating terms service
INFO [2023-12-11T12:40:26.289Z]: Creating auth controller
INFO [2023-12-11T12:40:26.289Z]: Initializing auth controller
INFO [2023-12-11T12:40:26.290Z]: Checking auth
INFO [2023-12-11T12:40:27.579Z]: Set User: qn38Qp13HXWChxa84NVTIhOBNXj2
INFO [2023-12-11T12:40:27.589Z]: Creating plan controller
INFO [2023-12-11T12:40:27.589Z]: Initializing plan controller
INFO [2023-12-11T12:40:28.072Z]: Creating status controller
INFO [2023-12-11T12:40:28.073Z]: Creating chat bot
INFO [2023-12-11T12:40:28.074Z]: Creating git service
INFO [2023-12-11T12:40:28.074Z]: Creating user context
INFO [2023-12-11T12:40:28.074Z]: Creating search controller
INFO [2023-12-11T12:40:28.075Z]: Initializing search controller
INFO [2023-12-11T12:40:28.082Z]: Creating index controller
INFO [2023-12-11T12:40:28.082Z]: Initializing index controller
INFO [2023-12-11T12:40:28.082Z]: Creating migrate controller
INFO [2023-12-11T12:40:28.082Z]: Initializing migrate controller
INFO [2023-12-11T12:40:28.082Z]: Creating settings controller
INFO [2023-12-11T12:40:28.082Z]: Initializing settings controller
INFO [2023-12-11T12:40:28.082Z]: Creating navigation controller
INFO [2023-12-11T12:40:28.082Z]: Initializing navigation controller
INFO [2023-12-11T12:40:28.083Z]: Registering auth service with auth controller
INFO [2023-12-11T12:40:28.083Z]: Calculating navigation
INFO [2023-12-11T12:40:28.163Z]: Navigation
INFO [2023-12-11T12:40:28.163Z]: {"page":"/home"}
INFO [2023-12-11T12:40:28.168Z]: Fully initialized!
INFO [2023-12-11T12:40:28.188Z]: project_reinitialize_start
INFO [2023-12-11T12:40:28.188Z]: {}
INFO [2023-12-11T12:40:28.189Z]: extension_initialized
INFO [2023-12-11T12:40:28.189Z]: {"timeToInit":4361}
INFO [2023-12-11T12:40:28.282Z]: [Engine.indexCode] Preindexing with graph
INFO [2023-12-11T12:40:28.282Z]: [SemanticCodeSearch.preIndex] Embedding components
INFO [2023-12-11T12:40:28.282Z]: {"added":0,"deleted":0}
INFO [2023-12-11T12:40:28.282Z]: [CodeGraphOrchestrator.preIndex] Preindexing
INFO [2023-12-11T12:40:28.282Z]: [CodeGraphOrchestrator.preIndex] Preindexed
INFO [2023-12-11T12:40:28.283Z]: [SemanticCodeSearch.preIndex] Embedded components
INFO [2023-12-11T12:40:28.283Z]: {"length":0}
INFO [2023-12-11T12:40:28.283Z]: [Engine.indexCode]: Preindexed semantic & graph
INFO [2023-12-11T12:40:28.283Z]: [Engine.indexCode] Indexing code
INFO [2023-12-11T12:40:28.283Z]: [KeywordCodeSearch.index] Indexing
INFO [2023-12-11T12:40:28.283Z]: [KeywordCodeSearch.index] Saving index
INFO [2023-12-11T12:40:28.283Z]: [CodeGraphOrchestrator.index] Indexing
INFO [2023-12-11T12:40:28.283Z]: [CodeGraphOrchestrator.index] Indexed
INFO [2023-12-11T12:40:28.560Z]: [KeywordCodeSearch.index] Indexed
INFO [2023-12-11T12:40:28.560Z]: [SemanticCodeSearch.index] Indexing components
INFO [2023-12-11T12:40:28.560Z]: {"added":0,"deleted":0}
INFO [2023-12-11T12:40:28.560Z]: [SemanticCodeSearch.index] Deleting components
INFO [2023-12-11T12:40:28.560Z]: {"embeddingsToDelete":0}
INFO [2023-12-11T12:40:28.561Z]: [SemanticCodeSearch.index] Writing components
INFO [2023-12-11T12:40:28.561Z]: {"write":0}
INFO [2023-12-11T12:40:29.005Z]: [SemanticCodeSearch.index] Indexed components
INFO [2023-12-11T12:40:29.005Z]: {"resuts":0,"delete":0}
INFO [2023-12-11T12:40:29.006Z]: [CodeIndex.index] Indexing with MetaDB
INFO [2023-12-11T12:40:29.006Z]: {"files":{"added":0,"changed":0,"deleted":0}}
INFO [2023-12-11T12:40:29.097Z]: [CodeIndex.index] Indexed with MetaDB
INFO [2023-12-11T12:40:29.102Z]: [CodeTagger.index] Starting to index
INFO [2023-12-11T12:40:29.845Z]: [Engine.indexCode] Indexed code
INFO [2023-12-11T12:40:29.845Z]: [KeywordCodeSearch.diffIndex] Computing diff
INFO [2023-12-11T12:40:29.845Z]: [KeywordCodeSearch.diffIndex] Diff computed
INFO [2023-12-11T12:40:29.845Z]: {"adding":0,"deleting":0}
INFO [2023-12-11T12:40:29.845Z]: project_reinitialize_success
INFO [2023-12-11T12:40:29.845Z]: {}
INFO [2023-12-11T12:41:04.512Z]: question_start
INFO [2023-12-11T12:41:04.512Z]: {"prompt":"i want this header to have blur opacity bg and blure like glass effect in tailwind "}
INFO [2023-12-11T12:41:16.486Z]: question_success
INFO [2023-12-11T12:41:16.486Z]: {"prompt":"i want this header to have blur opacity bg and blure like glass effect in tailwind "}